{"/Users/jackgoettle/Code/project-microblogging-and-streaming-social-network-whiteboarders/server/app.js": {"path":"/Users/jackgoettle/Code/project-microblogging-and-streaming-social-network-whiteboarders/server/app.js","statementMap":{"0":{"start":{"line":1,"column":19},"end":{"line":1,"column":41}},"1":{"start":{"line":2,"column":16},"end":{"line":2,"column":34}},"2":{"start":{"line":3,"column":19},"end":{"line":3,"column":46}},"3":{"start":{"line":4,"column":19},"end":{"line":4,"column":47}},"4":{"start":{"line":5,"column":19},"end":{"line":5,"column":47}},"5":{"start":{"line":6,"column":19},"end":{"line":6,"column":46}},"6":{"start":{"line":7,"column":13},"end":{"line":7,"column":28}},"7":{"start":{"line":8,"column":11},"end":{"line":8,"column":48}},"8":{"start":{"line":9,"column":12},"end":{"line":9,"column":21}},"9":{"start":{"line":11,"column":0},"end":{"line":11,"column":28}},"10":{"start":{"line":13,"column":0},"end":{"line":13,"column":68}},"11":{"start":{"line":14,"column":0},"end":{"line":14,"column":27}},"12":{"start":{"line":15,"column":0},"end":{"line":15,"column":50}},"13":{"start":{"line":18,"column":0},"end":{"line":18,"column":39}},"14":{"start":{"line":20,"column":0},"end":{"line":20,"column":48}},"15":{"start":{"line":22,"column":0},"end":{"line":22,"column":54}},"16":{"start":{"line":24,"column":0},"end":{"line":24,"column":56}},"17":{"start":{"line":28,"column":0},"end":{"line":28,"column":50}},"18":{"start":{"line":30,"column":0},"end":{"line":30,"column":44}},"19":{"start":{"line":34,"column":0},"end":{"line":34,"column":38}},"20":{"start":{"line":36,"column":0},"end":{"line":36,"column":46}},"21":{"start":{"line":38,"column":0},"end":{"line":38,"column":45}},"22":{"start":{"line":40,"column":0},"end":{"line":40,"column":52}},"23":{"start":{"line":42,"column":0},"end":{"line":42,"column":60}},"24":{"start":{"line":44,"column":0},"end":{"line":44,"column":40}},"25":{"start":{"line":46,"column":0},"end":{"line":46,"column":44}},"26":{"start":{"line":50,"column":0},"end":{"line":50,"column":43}},"27":{"start":{"line":52,"column":0},"end":{"line":52,"column":45}},"28":{"start":{"line":54,"column":0},"end":{"line":54,"column":49}},"29":{"start":{"line":56,"column":0},"end":{"line":56,"column":51}},"30":{"start":{"line":58,"column":0},"end":{"line":58,"column":49}},"31":{"start":{"line":60,"column":0},"end":{"line":60,"column":51}},"32":{"start":{"line":62,"column":0},"end":{"line":62,"column":21}}},"fnMap":{},"branchMap":{},"s":{"0":3,"1":3,"2":3,"3":3,"4":3,"5":3,"6":3,"7":3,"8":3,"9":3,"10":3,"11":3,"12":3,"13":3,"14":3,"15":3,"16":3,"17":3,"18":3,"19":3,"20":3,"21":3,"22":3,"23":3,"24":3,"25":3,"26":3,"27":3,"28":3,"29":3,"30":3,"31":3,"32":3},"f":{},"b":{},"_coverageSchema":"1a1c01bbd47fc00a2c39e90264f33305004495a9","hash":"d7be41441fa15f1c4e97da00630cdb84604f55cb"}
,"/Users/jackgoettle/Code/project-microblogging-and-streaming-social-network-whiteboarders/server/chat/config.js": {"path":"/Users/jackgoettle/Code/project-microblogging-and-streaming-social-network-whiteboarders/server/chat/config.js","statementMap":{"0":{"start":{"line":1,"column":0},"end":{"line":20,"column":2}}},"fnMap":{},"branchMap":{},"s":{"0":3},"f":{},"b":{},"_coverageSchema":"1a1c01bbd47fc00a2c39e90264f33305004495a9","hash":"51b4f1e40cd8f051ec7dedc1eb17f9ef66067c62"}
,"/Users/jackgoettle/Code/project-microblogging-and-streaming-social-network-whiteboarders/server/chat/tokens.js": {"path":"/Users/jackgoettle/Code/project-microblogging-and-streaming-social-network-whiteboarders/server/chat/tokens.js","statementMap":{"0":{"start":{"line":1,"column":15},"end":{"line":1,"column":32}},"1":{"start":{"line":2,"column":20},"end":{"line":2,"column":42}},"2":{"start":{"line":3,"column":46},"end":{"line":3,"column":57}},"3":{"start":{"line":5,"column":22},"end":{"line":11,"column":1}},"4":{"start":{"line":6,"column":4},"end":{"line":10,"column":6}},"5":{"start":{"line":13,"column":18},"end":{"line":21,"column":1}},"6":{"start":{"line":14,"column":22},"end":{"line":16,"column":6}},"7":{"start":{"line":17,"column":18},"end":{"line":17,"column":39}},"8":{"start":{"line":18,"column":4},"end":{"line":18,"column":30}},"9":{"start":{"line":19,"column":4},"end":{"line":19,"column":30}},"10":{"start":{"line":20,"column":4},"end":{"line":20,"column":17}},"11":{"start":{"line":23,"column":19},"end":{"line":34,"column":1}},"12":{"start":{"line":25,"column":4},"end":{"line":29,"column":5}},"13":{"start":{"line":26,"column":8},"end":{"line":26,"column":46}},"14":{"start":{"line":28,"column":8},"end":{"line":28,"column":38}},"15":{"start":{"line":30,"column":18},"end":{"line":30,"column":39}},"16":{"start":{"line":31,"column":4},"end":{"line":31,"column":31}},"17":{"start":{"line":32,"column":4},"end":{"line":32,"column":30}},"18":{"start":{"line":33,"column":4},"end":{"line":33,"column":17}},"19":{"start":{"line":36,"column":19},"end":{"line":52,"column":1}},"20":{"start":{"line":38,"column":4},"end":{"line":47,"column":5}},"21":{"start":{"line":39,"column":8},"end":{"line":42,"column":11}},"22":{"start":{"line":44,"column":8},"end":{"line":46,"column":11}},"23":{"start":{"line":48,"column":18},"end":{"line":48,"column":39}},"24":{"start":{"line":49,"column":4},"end":{"line":49,"column":31}},"25":{"start":{"line":50,"column":4},"end":{"line":50,"column":30}},"26":{"start":{"line":51,"column":4},"end":{"line":51,"column":17}},"27":{"start":{"line":54,"column":0},"end":{"line":54,"column":55}}},"fnMap":{"0":{"name":"(anonymous_0)","decl":{"start":{"line":5,"column":22},"end":{"line":5,"column":23}},"loc":{"start":{"line":5,"column":32},"end":{"line":11,"column":1}},"line":5},"1":{"name":"(anonymous_1)","decl":{"start":{"line":13,"column":18},"end":{"line":13,"column":19}},"loc":{"start":{"line":13,"column":40},"end":{"line":21,"column":1}},"line":13},"2":{"name":"(anonymous_2)","decl":{"start":{"line":23,"column":19},"end":{"line":23,"column":20}},"loc":{"start":{"line":23,"column":47},"end":{"line":34,"column":1}},"line":23},"3":{"name":"(anonymous_3)","decl":{"start":{"line":36,"column":19},"end":{"line":36,"column":20}},"loc":{"start":{"line":36,"column":41},"end":{"line":52,"column":1}},"line":36}},"branchMap":{"0":{"loc":{"start":{"line":25,"column":4},"end":{"line":29,"column":5}},"type":"if","locations":[{"start":{"line":25,"column":4},"end":{"line":29,"column":5}},{"start":{"line":25,"column":4},"end":{"line":29,"column":5}}],"line":25},"1":{"loc":{"start":{"line":38,"column":4},"end":{"line":47,"column":5}},"type":"if","locations":[{"start":{"line":38,"column":4},"end":{"line":47,"column":5}},{"start":{"line":38,"column":4},"end":{"line":47,"column":5}}],"line":38}},"s":{"0":3,"1":3,"2":3,"3":3,"4":0,"5":3,"6":0,"7":0,"8":0,"9":0,"10":0,"11":3,"12":0,"13":0,"14":0,"15":0,"16":0,"17":0,"18":0,"19":3,"20":0,"21":0,"22":0,"23":0,"24":0,"25":0,"26":0,"27":3},"f":{"0":0,"1":0,"2":0,"3":0},"b":{"0":[0,0],"1":[0,0]},"_coverageSchema":"1a1c01bbd47fc00a2c39e90264f33305004495a9","hash":"b681cac24cf93c5a210724036f2617078e40e31c"}
,"/Users/jackgoettle/Code/project-microblogging-and-streaming-social-network-whiteboarders/server/data_layer/MongoAccessor.js": {"path":"/Users/jackgoettle/Code/project-microblogging-and-streaming-social-network-whiteboarders/server/data_layer/MongoAccessor.js","statementMap":{"0":{"start":{"line":1,"column":15},"end":{"line":1,"column":34}},"1":{"start":{"line":5,"column":20},"end":{"line":5,"column":125}},"2":{"start":{"line":6,"column":8},"end":{"line":6,"column":24}},"3":{"start":{"line":7,"column":8},"end":{"line":13,"column":14}},"4":{"start":{"line":9,"column":16},"end":{"line":9,"column":61}},"5":{"start":{"line":12,"column":16},"end":{"line":12,"column":65}},"6":{"start":{"line":17,"column":0},"end":{"line":17,"column":31}}},"fnMap":{"0":{"name":"(anonymous_0)","decl":{"start":{"line":4,"column":4},"end":{"line":4,"column":5}},"loc":{"start":{"line":4,"column":21},"end":{"line":14,"column":5}},"line":4},"1":{"name":"(anonymous_1)","decl":{"start":{"line":8,"column":18},"end":{"line":8,"column":19}},"loc":{"start":{"line":8,"column":24},"end":{"line":10,"column":13}},"line":8},"2":{"name":"(anonymous_2)","decl":{"start":{"line":11,"column":19},"end":{"line":11,"column":20}},"loc":{"start":{"line":11,"column":26},"end":{"line":13,"column":13}},"line":11}},"branchMap":{},"s":{"0":3,"1":3,"2":3,"3":3,"4":3,"5":0,"6":3},"f":{"0":3,"1":3,"2":0},"b":{},"_coverageSchema":"1a1c01bbd47fc00a2c39e90264f33305004495a9","hash":"ec91c4e6652b71992f3c6ced46259844eb71d0fb"}
,"/Users/jackgoettle/Code/project-microblogging-and-streaming-social-network-whiteboarders/server/data_layer/PostMethods.js": {"path":"/Users/jackgoettle/Code/project-microblogging-and-streaming-social-network-whiteboarders/server/data_layer/PostMethods.js","statementMap":{"0":{"start":{"line":1,"column":18},"end":{"line":1,"column":47}},"1":{"start":{"line":2,"column":18},"end":{"line":2,"column":47}},"2":{"start":{"line":5,"column":4},"end":{"line":8,"column":5}},"3":{"start":{"line":12,"column":20},"end":{"line":12,"column":39}},"4":{"start":{"line":13,"column":4},"end":{"line":25,"column":5}},"5":{"start":{"line":15,"column":21},"end":{"line":15,"column":41}},"6":{"start":{"line":16,"column":23},"end":{"line":16,"column":31}},"7":{"start":{"line":18,"column":25},"end":{"line":18,"column":72}},"8":{"start":{"line":19,"column":22},"end":{"line":19,"column":39}},"9":{"start":{"line":20,"column":8},"end":{"line":20,"column":26}},"10":{"start":{"line":21,"column":8},"end":{"line":21,"column":77}},"11":{"start":{"line":22,"column":8},"end":{"line":22,"column":40}},"12":{"start":{"line":24,"column":8},"end":{"line":24,"column":37}},"13":{"start":{"line":29,"column":4},"end":{"line":44,"column":5}},"14":{"start":{"line":30,"column":25},"end":{"line":30,"column":67}},"15":{"start":{"line":31,"column":22},"end":{"line":31,"column":39}},"16":{"start":{"line":32,"column":8},"end":{"line":34,"column":9}},"17":{"start":{"line":33,"column":12},"end":{"line":33,"column":83}},"18":{"start":{"line":35,"column":22},"end":{"line":35,"column":43}},"19":{"start":{"line":36,"column":8},"end":{"line":38,"column":9}},"20":{"start":{"line":37,"column":12},"end":{"line":37,"column":35}},"21":{"start":{"line":39,"column":8},"end":{"line":39,"column":72}},"22":{"start":{"line":40,"column":8},"end":{"line":40,"column":48}},"23":{"start":{"line":41,"column":8},"end":{"line":41,"column":40}},"24":{"start":{"line":43,"column":8},"end":{"line":43,"column":38}},"25":{"start":{"line":48,"column":4},"end":{"line":56,"column":5}},"26":{"start":{"line":49,"column":25},"end":{"line":49,"column":60}},"27":{"start":{"line":50,"column":8},"end":{"line":52,"column":9}},"28":{"start":{"line":51,"column":12},"end":{"line":51,"column":78}},"29":{"start":{"line":53,"column":8},"end":{"line":53,"column":47}},"30":{"start":{"line":55,"column":8},"end":{"line":55,"column":38}},"31":{"start":{"line":60,"column":4},"end":{"line":65,"column":5}},"32":{"start":{"line":63,"column":8},"end":{"line":63,"column":25}},"33":{"start":{"line":64,"column":8},"end":{"line":64,"column":17}},"34":{"start":{"line":66,"column":4},"end":{"line":66,"column":15}},"35":{"start":{"line":70,"column":4},"end":{"line":70,"column":42}},"36":{"start":{"line":71,"column":4},"end":{"line":76,"column":5}},"37":{"start":{"line":74,"column":8},"end":{"line":74,"column":25}},"38":{"start":{"line":75,"column":8},"end":{"line":75,"column":17}},"39":{"start":{"line":77,"column":4},"end":{"line":77,"column":15}},"40":{"start":{"line":81,"column":4},"end":{"line":81,"column":47}},"41":{"start":{"line":82,"column":4},"end":{"line":87,"column":5}},"42":{"start":{"line":85,"column":8},"end":{"line":85,"column":25}},"43":{"start":{"line":86,"column":8},"end":{"line":86,"column":17}},"44":{"start":{"line":88,"column":4},"end":{"line":88,"column":15}},"45":{"start":{"line":92,"column":4},"end":{"line":92,"column":57}},"46":{"start":{"line":93,"column":4},"end":{"line":98,"column":5}},"47":{"start":{"line":96,"column":8},"end":{"line":96,"column":25}},"48":{"start":{"line":97,"column":8},"end":{"line":97,"column":17}},"49":{"start":{"line":99,"column":4},"end":{"line":99,"column":15}},"50":{"start":{"line":102,"column":0},"end":{"line":102,"column":96}}},"fnMap":{"0":{"name":"modelResponse","decl":{"start":{"line":4,"column":9},"end":{"line":4,"column":22}},"loc":{"start":{"line":4,"column":36},"end":{"line":9,"column":1}},"line":4},"1":{"name":"newPost","decl":{"start":{"line":11,"column":15},"end":{"line":11,"column":22}},"loc":{"start":{"line":11,"column":29},"end":{"line":26,"column":1}},"line":11},"2":{"name":"deletePost","decl":{"start":{"line":28,"column":15},"end":{"line":28,"column":25}},"loc":{"start":{"line":28,"column":44},"end":{"line":45,"column":1}},"line":28},"3":{"name":"getPost","decl":{"start":{"line":47,"column":15},"end":{"line":47,"column":22}},"loc":{"start":{"line":47,"column":31},"end":{"line":57,"column":1}},"line":47},"4":{"name":"likePost","decl":{"start":{"line":59,"column":15},"end":{"line":59,"column":23}},"loc":{"start":{"line":59,"column":42},"end":{"line":67,"column":1}},"line":59},"5":{"name":"unlikePost","decl":{"start":{"line":69,"column":15},"end":{"line":69,"column":25}},"loc":{"start":{"line":69,"column":34},"end":{"line":78,"column":1}},"line":69},"6":{"name":"addComment","decl":{"start":{"line":80,"column":15},"end":{"line":80,"column":25}},"loc":{"start":{"line":80,"column":43},"end":{"line":89,"column":1}},"line":80},"7":{"name":"deleteComment","decl":{"start":{"line":91,"column":15},"end":{"line":91,"column":28}},"loc":{"start":{"line":91,"column":48},"end":{"line":100,"column":1}},"line":91}},"branchMap":{"0":{"loc":{"start":{"line":32,"column":8},"end":{"line":34,"column":9}},"type":"if","locations":[{"start":{"line":32,"column":8},"end":{"line":34,"column":9}},{"start":{"line":32,"column":8},"end":{"line":34,"column":9}}],"line":32},"1":{"loc":{"start":{"line":36,"column":8},"end":{"line":38,"column":9}},"type":"if","locations":[{"start":{"line":36,"column":8},"end":{"line":38,"column":9}},{"start":{"line":36,"column":8},"end":{"line":38,"column":9}}],"line":36},"2":{"loc":{"start":{"line":50,"column":8},"end":{"line":52,"column":9}},"type":"if","locations":[{"start":{"line":50,"column":8},"end":{"line":52,"column":9}},{"start":{"line":50,"column":8},"end":{"line":52,"column":9}}],"line":50}},"s":{"0":3,"1":3,"2":5,"3":3,"4":3,"5":3,"6":3,"7":3,"8":3,"9":3,"10":3,"11":3,"12":0,"13":1,"14":1,"15":1,"16":1,"17":0,"18":1,"19":1,"20":1,"21":1,"22":1,"23":1,"24":0,"25":1,"26":1,"27":1,"28":0,"29":1,"30":0,"31":0,"32":0,"33":0,"34":0,"35":0,"36":0,"37":0,"38":0,"39":0,"40":0,"41":0,"42":0,"43":0,"44":0,"45":0,"46":0,"47":0,"48":0,"49":0,"50":3},"f":{"0":5,"1":3,"2":1,"3":1,"4":0,"5":0,"6":0,"7":0},"b":{"0":[0,1],"1":[1,0],"2":[0,1]},"_coverageSchema":"1a1c01bbd47fc00a2c39e90264f33305004495a9","hash":"2278c768c9b18fe1929a7fc856f498fa3e2ac23a"}
,"/Users/jackgoettle/Code/project-microblogging-and-streaming-social-network-whiteboarders/server/data_layer/UserMethods.js": {"path":"/Users/jackgoettle/Code/project-microblogging-and-streaming-social-network-whiteboarders/server/data_layer/UserMethods.js","statementMap":{"0":{"start":{"line":1,"column":18},"end":{"line":1,"column":47}},"1":{"start":{"line":2,"column":15},"end":{"line":2,"column":34}},"2":{"start":{"line":5,"column":4},"end":{"line":8,"column":5}},"3":{"start":{"line":12,"column":21},"end":{"line":12,"column":34}},"4":{"start":{"line":13,"column":4},"end":{"line":13,"column":37}},"5":{"start":{"line":14,"column":20},"end":{"line":14,"column":39}},"6":{"start":{"line":15,"column":4},"end":{"line":23,"column":5}},"7":{"start":{"line":16,"column":21},"end":{"line":16,"column":41}},"8":{"start":{"line":17,"column":8},"end":{"line":17,"column":68}},"9":{"start":{"line":18,"column":8},"end":{"line":18,"column":25}},"10":{"start":{"line":19,"column":8},"end":{"line":19,"column":40}},"11":{"start":{"line":21,"column":8},"end":{"line":21,"column":22}},"12":{"start":{"line":22,"column":8},"end":{"line":22,"column":107}},"13":{"start":{"line":27,"column":4},"end":{"line":27,"column":38}},"14":{"start":{"line":31,"column":4},"end":{"line":44,"column":5}},"15":{"start":{"line":32,"column":25},"end":{"line":32,"column":61}},"16":{"start":{"line":33,"column":8},"end":{"line":35,"column":9}},"17":{"start":{"line":34,"column":12},"end":{"line":34,"column":86}},"18":{"start":{"line":36,"column":21},"end":{"line":36,"column":32}},"19":{"start":{"line":37,"column":8},"end":{"line":41,"column":9}},"20":{"start":{"line":38,"column":12},"end":{"line":38,"column":44}},"21":{"start":{"line":40,"column":12},"end":{"line":40,"column":86}},"22":{"start":{"line":43,"column":8},"end":{"line":43,"column":37}},"23":{"start":{"line":48,"column":4},"end":{"line":56,"column":5}},"24":{"start":{"line":49,"column":25},"end":{"line":49,"column":67}},"25":{"start":{"line":50,"column":8},"end":{"line":52,"column":9}},"26":{"start":{"line":51,"column":12},"end":{"line":51,"column":90}},"27":{"start":{"line":53,"column":8},"end":{"line":53,"column":47}},"28":{"start":{"line":55,"column":8},"end":{"line":55,"column":37}},"29":{"start":{"line":60,"column":4},"end":{"line":70,"column":5}},"30":{"start":{"line":62,"column":25},"end":{"line":62,"column":67}},"31":{"start":{"line":63,"column":8},"end":{"line":65,"column":9}},"32":{"start":{"line":64,"column":12},"end":{"line":64,"column":85}},"33":{"start":{"line":66,"column":8},"end":{"line":66,"column":55}},"34":{"start":{"line":67,"column":8},"end":{"line":67,"column":40}},"35":{"start":{"line":69,"column":8},"end":{"line":69,"column":37}},"36":{"start":{"line":74,"column":4},"end":{"line":74,"column":50}},"37":{"start":{"line":75,"column":4},"end":{"line":96,"column":5}},"38":{"start":{"line":76,"column":25},"end":{"line":76,"column":67}},"39":{"start":{"line":77,"column":26},"end":{"line":77,"column":47}},"40":{"start":{"line":79,"column":8},"end":{"line":90,"column":9}},"41":{"start":{"line":80,"column":12},"end":{"line":80,"column":44}},"42":{"start":{"line":81,"column":26},"end":{"line":81,"column":59}},"43":{"start":{"line":82,"column":12},"end":{"line":84,"column":13}},"44":{"start":{"line":83,"column":16},"end":{"line":83,"column":43}},"45":{"start":{"line":88,"column":12},"end":{"line":88,"column":42}},"46":{"start":{"line":89,"column":12},"end":{"line":89,"column":42}},"47":{"start":{"line":91,"column":20},"end":{"line":91,"column":91}},"48":{"start":{"line":92,"column":8},"end":{"line":92,"column":39}},"49":{"start":{"line":94,"column":8},"end":{"line":94,"column":25}},"50":{"start":{"line":95,"column":8},"end":{"line":95,"column":37}},"51":{"start":{"line":97,"column":4},"end":{"line":97,"column":15}},"52":{"start":{"line":101,"column":4},"end":{"line":101,"column":53}},"53":{"start":{"line":102,"column":4},"end":{"line":107,"column":5}},"54":{"start":{"line":105,"column":8},"end":{"line":105,"column":25}},"55":{"start":{"line":106,"column":8},"end":{"line":106,"column":37}},"56":{"start":{"line":108,"column":4},"end":{"line":108,"column":15}},"57":{"start":{"line":112,"column":4},"end":{"line":112,"column":53}},"58":{"start":{"line":113,"column":4},"end":{"line":118,"column":5}},"59":{"start":{"line":116,"column":8},"end":{"line":116,"column":25}},"60":{"start":{"line":117,"column":8},"end":{"line":117,"column":37}},"61":{"start":{"line":119,"column":4},"end":{"line":119,"column":15}},"62":{"start":{"line":122,"column":0},"end":{"line":122,"column":106}}},"fnMap":{"0":{"name":"modelResponse","decl":{"start":{"line":4,"column":9},"end":{"line":4,"column":22}},"loc":{"start":{"line":4,"column":36},"end":{"line":9,"column":1}},"line":4},"1":{"name":"createUser","decl":{"start":{"line":11,"column":15},"end":{"line":11,"column":25}},"loc":{"start":{"line":11,"column":32},"end":{"line":24,"column":1}},"line":11},"2":{"name":"encrypt","decl":{"start":{"line":26,"column":9},"end":{"line":26,"column":16}},"loc":{"start":{"line":26,"column":24},"end":{"line":28,"column":1}},"line":26},"3":{"name":"loginUser","decl":{"start":{"line":30,"column":15},"end":{"line":30,"column":24}},"loc":{"start":{"line":30,"column":42},"end":{"line":45,"column":1}},"line":30},"4":{"name":"getUser","decl":{"start":{"line":47,"column":15},"end":{"line":47,"column":22}},"loc":{"start":{"line":47,"column":33},"end":{"line":57,"column":1}},"line":47},"5":{"name":"deleteUser","decl":{"start":{"line":59,"column":15},"end":{"line":59,"column":25}},"loc":{"start":{"line":59,"column":36},"end":{"line":71,"column":1}},"line":59},"6":{"name":"followUser","decl":{"start":{"line":73,"column":15},"end":{"line":73,"column":25}},"loc":{"start":{"line":73,"column":52},"end":{"line":98,"column":1}},"line":73},"7":{"name":"getUserPosts","decl":{"start":{"line":100,"column":15},"end":{"line":100,"column":27}},"loc":{"start":{"line":100,"column":38},"end":{"line":109,"column":1}},"line":100},"8":{"name":"getFollowingPosts","decl":{"start":{"line":111,"column":15},"end":{"line":111,"column":32}},"loc":{"start":{"line":111,"column":43},"end":{"line":120,"column":1}},"line":111}},"branchMap":{"0":{"loc":{"start":{"line":33,"column":8},"end":{"line":35,"column":9}},"type":"if","locations":[{"start":{"line":33,"column":8},"end":{"line":35,"column":9}},{"start":{"line":33,"column":8},"end":{"line":35,"column":9}}],"line":33},"1":{"loc":{"start":{"line":37,"column":8},"end":{"line":41,"column":9}},"type":"if","locations":[{"start":{"line":37,"column":8},"end":{"line":41,"column":9}},{"start":{"line":37,"column":8},"end":{"line":41,"column":9}}],"line":37},"2":{"loc":{"start":{"line":50,"column":8},"end":{"line":52,"column":9}},"type":"if","locations":[{"start":{"line":50,"column":8},"end":{"line":52,"column":9}},{"start":{"line":50,"column":8},"end":{"line":52,"column":9}}],"line":50},"3":{"loc":{"start":{"line":63,"column":8},"end":{"line":65,"column":9}},"type":"if","locations":[{"start":{"line":63,"column":8},"end":{"line":65,"column":9}},{"start":{"line":63,"column":8},"end":{"line":65,"column":9}}],"line":63},"4":{"loc":{"start":{"line":79,"column":8},"end":{"line":90,"column":9}},"type":"if","locations":[{"start":{"line":79,"column":8},"end":{"line":90,"column":9}},{"start":{"line":79,"column":8},"end":{"line":90,"column":9}}],"line":79},"5":{"loc":{"start":{"line":82,"column":12},"end":{"line":84,"column":13}},"type":"if","locations":[{"start":{"line":82,"column":12},"end":{"line":84,"column":13}},{"start":{"line":82,"column":12},"end":{"line":84,"column":13}}],"line":82}},"s":{"0":3,"1":3,"2":17,"3":5,"4":5,"5":5,"6":5,"7":5,"8":4,"9":4,"10":4,"11":1,"12":1,"13":5,"14":3,"15":3,"16":3,"17":1,"18":2,"19":2,"20":1,"21":1,"22":0,"23":5,"24":5,"25":5,"26":1,"27":4,"28":0,"29":2,"30":2,"31":2,"32":1,"33":1,"34":1,"35":0,"36":2,"37":2,"38":2,"39":2,"40":2,"41":1,"42":1,"43":1,"44":1,"45":1,"46":1,"47":2,"48":2,"49":0,"50":0,"51":0,"52":0,"53":0,"54":0,"55":0,"56":0,"57":0,"58":0,"59":0,"60":0,"61":0,"62":3},"f":{"0":17,"1":5,"2":5,"3":3,"4":5,"5":2,"6":2,"7":0,"8":0},"b":{"0":[1,2],"1":[1,1],"2":[1,4],"3":[1,1],"4":[1,1],"5":[1,0]},"_coverageSchema":"1a1c01bbd47fc00a2c39e90264f33305004495a9","hash":"9596236506b54a89ea6d9323089345b0f128ed5c"}
,"/Users/jackgoettle/Code/project-microblogging-and-streaming-social-network-whiteboarders/server/data_model/Post.js": {"path":"/Users/jackgoettle/Code/project-microblogging-and-streaming-social-network-whiteboarders/server/data_model/Post.js","statementMap":{"0":{"start":{"line":1,"column":17},"end":{"line":1,"column":36}},"1":{"start":{"line":4,"column":19},"end":{"line":12,"column":2}},"2":{"start":{"line":13,"column":0},"end":{"line":13,"column":48}},"3":{"start":{"line":15,"column":0},"end":{"line":15,"column":61}}},"fnMap":{},"branchMap":{},"s":{"0":3,"1":3,"2":3,"3":3},"f":{},"b":{},"_coverageSchema":"1a1c01bbd47fc00a2c39e90264f33305004495a9","hash":"92aeaedcab7ba81b72394453894ac7e20e7c6cff"}
,"/Users/jackgoettle/Code/project-microblogging-and-streaming-social-network-whiteboarders/server/data_model/StandardResponse.js": {"path":"/Users/jackgoettle/Code/project-microblogging-and-streaming-social-network-whiteboarders/server/data_model/StandardResponse.js","statementMap":{"0":{"start":{"line":2,"column":4},"end":{"line":6,"column":5}},"1":{"start":{"line":10,"column":4},"end":{"line":13,"column":5}},"2":{"start":{"line":16,"column":0},"end":{"line":16,"column":46}}},"fnMap":{"0":{"name":"responseOkay","decl":{"start":{"line":1,"column":9},"end":{"line":1,"column":21}},"loc":{"start":{"line":1,"column":35},"end":{"line":7,"column":1}},"line":1},"1":{"name":"responseError","decl":{"start":{"line":9,"column":9},"end":{"line":9,"column":22}},"loc":{"start":{"line":9,"column":36},"end":{"line":14,"column":1}},"line":9}},"branchMap":{},"s":{"0":17,"1":5,"2":3},"f":{"0":17,"1":5},"b":{},"_coverageSchema":"1a1c01bbd47fc00a2c39e90264f33305004495a9","hash":"89dbc48e08c045b6fdd8223962d25ece15de2419"}
,"/Users/jackgoettle/Code/project-microblogging-and-streaming-social-network-whiteboarders/server/data_model/User.js": {"path":"/Users/jackgoettle/Code/project-microblogging-and-streaming-social-network-whiteboarders/server/data_model/User.js","statementMap":{"0":{"start":{"line":1,"column":17},"end":{"line":1,"column":36}},"1":{"start":{"line":4,"column":17},"end":{"line":19,"column":2}},"2":{"start":{"line":21,"column":0},"end":{"line":21,"column":57}},"3":{"start":{"line":23,"column":0},"end":{"line":23,"column":60}}},"fnMap":{},"branchMap":{},"s":{"0":3,"1":3,"2":3,"3":3},"f":{},"b":{},"_coverageSchema":"1a1c01bbd47fc00a2c39e90264f33305004495a9","hash":"8c402413af3e18c34af0b2ab68b3065cd51f1b95"}
,"/Users/jackgoettle/Code/project-microblogging-and-streaming-social-network-whiteboarders/server/routes/auth.js": {"path":"/Users/jackgoettle/Code/project-microblogging-and-streaming-social-network-whiteboarders/server/routes/auth.js","statementMap":{"0":{"start":{"line":1,"column":12},"end":{"line":1,"column":35}},"1":{"start":{"line":2,"column":44},"end":{"line":2,"column":80}},"2":{"start":{"line":3,"column":38},"end":{"line":3,"column":79}},"3":{"start":{"line":6,"column":4},"end":{"line":6,"column":30}},"4":{"start":{"line":7,"column":4},"end":{"line":7,"column":31}},"5":{"start":{"line":11,"column":17},"end":{"line":11,"column":25}},"6":{"start":{"line":12,"column":4},"end":{"line":12,"column":32}},"7":{"start":{"line":13,"column":4},"end":{"line":13,"column":62}},"8":{"start":{"line":14,"column":4},"end":{"line":25,"column":10}},"9":{"start":{"line":16,"column":12},"end":{"line":24,"column":13}},"10":{"start":{"line":17,"column":32},"end":{"line":17,"column":65}},"11":{"start":{"line":18,"column":16},"end":{"line":18,"column":45}},"12":{"start":{"line":20,"column":29},"end":{"line":20,"column":42}},"13":{"start":{"line":21,"column":28},"end":{"line":21,"column":89}},"14":{"start":{"line":22,"column":32},"end":{"line":22,"column":57}},"15":{"start":{"line":23,"column":16},"end":{"line":23,"column":45}},"16":{"start":{"line":29,"column":4},"end":{"line":29,"column":42}},"17":{"start":{"line":30,"column":17},"end":{"line":30,"column":25}},"18":{"start":{"line":31,"column":4},"end":{"line":41,"column":10}},"19":{"start":{"line":33,"column":12},"end":{"line":40,"column":13}},"20":{"start":{"line":34,"column":32},"end":{"line":34,"column":65}},"21":{"start":{"line":35,"column":16},"end":{"line":35,"column":45}},"22":{"start":{"line":37,"column":28},"end":{"line":37,"column":89}},"23":{"start":{"line":38,"column":32},"end":{"line":38,"column":57}},"24":{"start":{"line":39,"column":16},"end":{"line":39,"column":45}},"25":{"start":{"line":45,"column":21},"end":{"line":45,"column":40}},"26":{"start":{"line":46,"column":4},"end":{"line":46,"column":44}},"27":{"start":{"line":47,"column":4},"end":{"line":56,"column":10}},"28":{"start":{"line":49,"column":12},"end":{"line":55,"column":13}},"29":{"start":{"line":50,"column":32},"end":{"line":50,"column":65}},"30":{"start":{"line":51,"column":16},"end":{"line":51,"column":45}},"31":{"start":{"line":53,"column":32},"end":{"line":53,"column":65}},"32":{"start":{"line":54,"column":16},"end":{"line":54,"column":45}},"33":{"start":{"line":60,"column":4},"end":{"line":73,"column":6}},"34":{"start":{"line":76,"column":0},"end":{"line":81,"column":1}}},"fnMap":{"0":{"name":"testAPI","decl":{"start":{"line":5,"column":9},"end":{"line":5,"column":16}},"loc":{"start":{"line":5,"column":27},"end":{"line":8,"column":1}},"line":5},"1":{"name":"verifyLogin","decl":{"start":{"line":10,"column":9},"end":{"line":10,"column":20}},"loc":{"start":{"line":10,"column":31},"end":{"line":26,"column":1}},"line":10},"2":{"name":"(anonymous_2)","decl":{"start":{"line":15,"column":14},"end":{"line":15,"column":15}},"loc":{"start":{"line":15,"column":28},"end":{"line":25,"column":9}},"line":15},"3":{"name":"verifyRegister","decl":{"start":{"line":28,"column":9},"end":{"line":28,"column":23}},"loc":{"start":{"line":28,"column":34},"end":{"line":42,"column":1}},"line":28},"4":{"name":"(anonymous_4)","decl":{"start":{"line":32,"column":14},"end":{"line":32,"column":15}},"loc":{"start":{"line":32,"column":28},"end":{"line":41,"column":9}},"line":32},"5":{"name":"deleteAccount","decl":{"start":{"line":44,"column":9},"end":{"line":44,"column":22}},"loc":{"start":{"line":44,"column":33},"end":{"line":57,"column":1}},"line":44},"6":{"name":"(anonymous_6)","decl":{"start":{"line":48,"column":14},"end":{"line":48,"column":15}},"loc":{"start":{"line":48,"column":26},"end":{"line":56,"column":9}},"line":48},"7":{"name":"signJWT","decl":{"start":{"line":59,"column":9},"end":{"line":59,"column":16}},"loc":{"start":{"line":59,"column":55},"end":{"line":74,"column":1}},"line":59}},"branchMap":{"0":{"loc":{"start":{"line":16,"column":12},"end":{"line":24,"column":13}},"type":"if","locations":[{"start":{"line":16,"column":12},"end":{"line":24,"column":13}},{"start":{"line":16,"column":12},"end":{"line":24,"column":13}}],"line":16},"1":{"loc":{"start":{"line":33,"column":12},"end":{"line":40,"column":13}},"type":"if","locations":[{"start":{"line":33,"column":12},"end":{"line":40,"column":13}},{"start":{"line":33,"column":12},"end":{"line":40,"column":13}}],"line":33},"2":{"loc":{"start":{"line":49,"column":12},"end":{"line":55,"column":13}},"type":"if","locations":[{"start":{"line":49,"column":12},"end":{"line":55,"column":13}},{"start":{"line":49,"column":12},"end":{"line":55,"column":13}}],"line":49}},"s":{"0":3,"1":3,"2":3,"3":1,"4":1,"5":3,"6":3,"7":3,"8":3,"9":3,"10":2,"11":2,"12":1,"13":1,"14":1,"15":1,"16":5,"17":5,"18":5,"19":5,"20":1,"21":1,"22":4,"23":4,"24":4,"25":2,"26":2,"27":2,"28":2,"29":1,"30":1,"31":1,"32":1,"33":5,"34":3},"f":{"0":1,"1":3,"2":3,"3":5,"4":5,"5":2,"6":2,"7":5},"b":{"0":[2,1],"1":[1,4],"2":[1,1]},"_coverageSchema":"1a1c01bbd47fc00a2c39e90264f33305004495a9","hash":"2b6945d5dec354fb05aa1e73382f631157dcfd06"}
,"/Users/jackgoettle/Code/project-microblogging-and-streaming-social-network-whiteboarders/server/routes/chat.js": {"path":"/Users/jackgoettle/Code/project-microblogging-and-streaming-social-network-whiteboarders/server/routes/chat.js","statementMap":{"0":{"start":{"line":1,"column":12},"end":{"line":1,"column":35}},"1":{"start":{"line":2,"column":44},"end":{"line":2,"column":69}},"2":{"start":{"line":3,"column":15},"end":{"line":3,"column":40}},"3":{"start":{"line":5,"column":26},"end":{"line":12,"column":1}},"4":{"start":{"line":6,"column":4},"end":{"line":6,"column":48}},"5":{"start":{"line":7,"column":4},"end":{"line":11,"column":6}},"6":{"start":{"line":15,"column":21},"end":{"line":15,"column":39}},"7":{"start":{"line":16,"column":18},"end":{"line":16,"column":45}},"8":{"start":{"line":17,"column":4},"end":{"line":17,"column":34}},"9":{"start":{"line":21,"column":21},"end":{"line":21,"column":38}},"10":{"start":{"line":22,"column":18},"end":{"line":22,"column":45}},"11":{"start":{"line":23,"column":4},"end":{"line":23,"column":34}},"12":{"start":{"line":27,"column":21},"end":{"line":27,"column":39}},"13":{"start":{"line":28,"column":17},"end":{"line":28,"column":31}},"14":{"start":{"line":29,"column":18},"end":{"line":29,"column":52}},"15":{"start":{"line":30,"column":4},"end":{"line":30,"column":34}},"16":{"start":{"line":34,"column":21},"end":{"line":34,"column":38}},"17":{"start":{"line":35,"column":17},"end":{"line":35,"column":30}},"18":{"start":{"line":36,"column":4},"end":{"line":36,"column":38}},"19":{"start":{"line":37,"column":18},"end":{"line":37,"column":52}},"20":{"start":{"line":38,"column":4},"end":{"line":38,"column":34}},"21":{"start":{"line":42,"column":21},"end":{"line":42,"column":38}},"22":{"start":{"line":43,"column":18},"end":{"line":43,"column":46}},"23":{"start":{"line":44,"column":4},"end":{"line":44,"column":34}},"24":{"start":{"line":48,"column":21},"end":{"line":48,"column":38}},"25":{"start":{"line":49,"column":18},"end":{"line":49,"column":46}},"26":{"start":{"line":50,"column":4},"end":{"line":50,"column":34}},"27":{"start":{"line":53,"column":0},"end":{"line":60,"column":1}}},"fnMap":{"0":{"name":"(anonymous_0)","decl":{"start":{"line":5,"column":26},"end":{"line":5,"column":27}},"loc":{"start":{"line":5,"column":42},"end":{"line":12,"column":1}},"line":5},"1":{"name":"getToken","decl":{"start":{"line":14,"column":9},"end":{"line":14,"column":17}},"loc":{"start":{"line":14,"column":28},"end":{"line":18,"column":1}},"line":14},"2":{"name":"postToken","decl":{"start":{"line":20,"column":9},"end":{"line":20,"column":18}},"loc":{"start":{"line":20,"column":29},"end":{"line":24,"column":1}},"line":20},"3":{"name":"getVideoToken","decl":{"start":{"line":26,"column":9},"end":{"line":26,"column":22}},"loc":{"start":{"line":26,"column":33},"end":{"line":31,"column":1}},"line":26},"4":{"name":"postVideoToken","decl":{"start":{"line":33,"column":9},"end":{"line":33,"column":23}},"loc":{"start":{"line":33,"column":34},"end":{"line":39,"column":1}},"line":33},"5":{"name":"getVoiceToken","decl":{"start":{"line":41,"column":9},"end":{"line":41,"column":22}},"loc":{"start":{"line":41,"column":33},"end":{"line":45,"column":1}},"line":41},"6":{"name":"postVoiceToken","decl":{"start":{"line":47,"column":9},"end":{"line":47,"column":23}},"loc":{"start":{"line":47,"column":34},"end":{"line":51,"column":1}},"line":47}},"branchMap":{},"s":{"0":3,"1":3,"2":3,"3":3,"4":0,"5":0,"6":0,"7":0,"8":0,"9":0,"10":0,"11":0,"12":0,"13":0,"14":0,"15":0,"16":0,"17":0,"18":0,"19":0,"20":0,"21":0,"22":0,"23":0,"24":0,"25":0,"26":0,"27":3},"f":{"0":0,"1":0,"2":0,"3":0,"4":0,"5":0,"6":0},"b":{},"_coverageSchema":"1a1c01bbd47fc00a2c39e90264f33305004495a9","hash":"bfc8c6e6fb026f361bf0f74ae4fd0e87fcae8d6b"}
,"/Users/jackgoettle/Code/project-microblogging-and-streaming-social-network-whiteboarders/server/routes/posts.js": {"path":"/Users/jackgoettle/Code/project-microblogging-and-streaming-social-network-whiteboarders/server/routes/posts.js","statementMap":{"0":{"start":{"line":1,"column":12},"end":{"line":1,"column":35}},"1":{"start":{"line":2,"column":18},"end":{"line":2,"column":47}},"2":{"start":{"line":3,"column":20},"end":{"line":3,"column":56}},"3":{"start":{"line":4,"column":38},"end":{"line":4,"column":79}},"4":{"start":{"line":7,"column":17},"end":{"line":7,"column":25}},"5":{"start":{"line":8,"column":4},"end":{"line":17,"column":10}},"6":{"start":{"line":10,"column":12},"end":{"line":16,"column":13}},"7":{"start":{"line":11,"column":32},"end":{"line":11,"column":65}},"8":{"start":{"line":12,"column":16},"end":{"line":12,"column":45}},"9":{"start":{"line":14,"column":32},"end":{"line":14,"column":65}},"10":{"start":{"line":15,"column":16},"end":{"line":15,"column":45}},"11":{"start":{"line":21,"column":21},"end":{"line":21,"column":38}},"12":{"start":{"line":22,"column":19},"end":{"line":22,"column":34}},"13":{"start":{"line":23,"column":4},"end":{"line":32,"column":10}},"14":{"start":{"line":25,"column":12},"end":{"line":31,"column":13}},"15":{"start":{"line":26,"column":32},"end":{"line":26,"column":71}},"16":{"start":{"line":27,"column":16},"end":{"line":27,"column":45}},"17":{"start":{"line":29,"column":32},"end":{"line":29,"column":56}},"18":{"start":{"line":30,"column":16},"end":{"line":30,"column":45}},"19":{"start":{"line":37,"column":19},"end":{"line":37,"column":36}},"20":{"start":{"line":38,"column":4},"end":{"line":47,"column":10}},"21":{"start":{"line":40,"column":12},"end":{"line":46,"column":13}},"22":{"start":{"line":41,"column":32},"end":{"line":41,"column":71}},"23":{"start":{"line":42,"column":16},"end":{"line":42,"column":45}},"24":{"start":{"line":44,"column":32},"end":{"line":44,"column":65}},"25":{"start":{"line":45,"column":16},"end":{"line":45,"column":45}},"26":{"start":{"line":52,"column":19},"end":{"line":52,"column":34}},"27":{"start":{"line":53,"column":20},"end":{"line":53,"column":36}},"28":{"start":{"line":54,"column":4},"end":{"line":63,"column":10}},"29":{"start":{"line":56,"column":12},"end":{"line":62,"column":13}},"30":{"start":{"line":57,"column":32},"end":{"line":57,"column":62}},"31":{"start":{"line":58,"column":16},"end":{"line":58,"column":45}},"32":{"start":{"line":60,"column":32},"end":{"line":60,"column":56}},"33":{"start":{"line":61,"column":16},"end":{"line":61,"column":45}},"34":{"start":{"line":67,"column":19},"end":{"line":67,"column":34}},"35":{"start":{"line":68,"column":4},"end":{"line":77,"column":10}},"36":{"start":{"line":70,"column":12},"end":{"line":76,"column":13}},"37":{"start":{"line":71,"column":32},"end":{"line":71,"column":62}},"38":{"start":{"line":72,"column":16},"end":{"line":72,"column":45}},"39":{"start":{"line":74,"column":32},"end":{"line":74,"column":56}},"40":{"start":{"line":75,"column":16},"end":{"line":75,"column":45}},"41":{"start":{"line":82,"column":19},"end":{"line":82,"column":34}},"42":{"start":{"line":83,"column":21},"end":{"line":83,"column":38}},"43":{"start":{"line":84,"column":4},"end":{"line":93,"column":10}},"44":{"start":{"line":86,"column":12},"end":{"line":92,"column":13}},"45":{"start":{"line":87,"column":32},"end":{"line":87,"column":62}},"46":{"start":{"line":88,"column":16},"end":{"line":88,"column":45}},"47":{"start":{"line":90,"column":32},"end":{"line":90,"column":56}},"48":{"start":{"line":91,"column":16},"end":{"line":91,"column":45}},"49":{"start":{"line":98,"column":19},"end":{"line":98,"column":34}},"50":{"start":{"line":99,"column":4},"end":{"line":108,"column":10}},"51":{"start":{"line":101,"column":12},"end":{"line":107,"column":13}},"52":{"start":{"line":102,"column":32},"end":{"line":102,"column":62}},"53":{"start":{"line":103,"column":16},"end":{"line":103,"column":45}},"54":{"start":{"line":105,"column":32},"end":{"line":105,"column":56}},"55":{"start":{"line":106,"column":16},"end":{"line":106,"column":45}},"56":{"start":{"line":112,"column":0},"end":{"line":120,"column":1}}},"fnMap":{"0":{"name":"newPost","decl":{"start":{"line":6,"column":9},"end":{"line":6,"column":16}},"loc":{"start":{"line":6,"column":27},"end":{"line":18,"column":1}},"line":6},"1":{"name":"(anonymous_1)","decl":{"start":{"line":9,"column":14},"end":{"line":9,"column":15}},"loc":{"start":{"line":9,"column":28},"end":{"line":17,"column":9}},"line":9},"2":{"name":"deletePost","decl":{"start":{"line":20,"column":9},"end":{"line":20,"column":19}},"loc":{"start":{"line":20,"column":30},"end":{"line":34,"column":1}},"line":20},"3":{"name":"(anonymous_3)","decl":{"start":{"line":24,"column":14},"end":{"line":24,"column":15}},"loc":{"start":{"line":24,"column":26},"end":{"line":32,"column":9}},"line":24},"4":{"name":"getPost","decl":{"start":{"line":36,"column":9},"end":{"line":36,"column":16}},"loc":{"start":{"line":36,"column":27},"end":{"line":49,"column":1}},"line":36},"5":{"name":"(anonymous_5)","decl":{"start":{"line":39,"column":14},"end":{"line":39,"column":15}},"loc":{"start":{"line":39,"column":26},"end":{"line":47,"column":9}},"line":39},"6":{"name":"addComment","decl":{"start":{"line":51,"column":9},"end":{"line":51,"column":19}},"loc":{"start":{"line":51,"column":30},"end":{"line":64,"column":1}},"line":51},"7":{"name":"(anonymous_7)","decl":{"start":{"line":55,"column":14},"end":{"line":55,"column":15}},"loc":{"start":{"line":55,"column":23},"end":{"line":63,"column":9}},"line":55},"8":{"name":"deleteComment","decl":{"start":{"line":66,"column":9},"end":{"line":66,"column":22}},"loc":{"start":{"line":66,"column":33},"end":{"line":79,"column":1}},"line":66},"9":{"name":"(anonymous_9)","decl":{"start":{"line":69,"column":14},"end":{"line":69,"column":15}},"loc":{"start":{"line":69,"column":23},"end":{"line":77,"column":9}},"line":69},"10":{"name":"likePost","decl":{"start":{"line":81,"column":9},"end":{"line":81,"column":17}},"loc":{"start":{"line":81,"column":28},"end":{"line":95,"column":1}},"line":81},"11":{"name":"(anonymous_11)","decl":{"start":{"line":85,"column":14},"end":{"line":85,"column":15}},"loc":{"start":{"line":85,"column":23},"end":{"line":93,"column":9}},"line":85},"12":{"name":"unlikePost","decl":{"start":{"line":97,"column":9},"end":{"line":97,"column":19}},"loc":{"start":{"line":97,"column":30},"end":{"line":109,"column":1}},"line":97},"13":{"name":"(anonymous_13)","decl":{"start":{"line":100,"column":14},"end":{"line":100,"column":15}},"loc":{"start":{"line":100,"column":23},"end":{"line":108,"column":9}},"line":100}},"branchMap":{"0":{"loc":{"start":{"line":10,"column":12},"end":{"line":16,"column":13}},"type":"if","locations":[{"start":{"line":10,"column":12},"end":{"line":16,"column":13}},{"start":{"line":10,"column":12},"end":{"line":16,"column":13}}],"line":10},"1":{"loc":{"start":{"line":25,"column":12},"end":{"line":31,"column":13}},"type":"if","locations":[{"start":{"line":25,"column":12},"end":{"line":31,"column":13}},{"start":{"line":25,"column":12},"end":{"line":31,"column":13}}],"line":25},"2":{"loc":{"start":{"line":40,"column":12},"end":{"line":46,"column":13}},"type":"if","locations":[{"start":{"line":40,"column":12},"end":{"line":46,"column":13}},{"start":{"line":40,"column":12},"end":{"line":46,"column":13}}],"line":40},"3":{"loc":{"start":{"line":56,"column":12},"end":{"line":62,"column":13}},"type":"if","locations":[{"start":{"line":56,"column":12},"end":{"line":62,"column":13}},{"start":{"line":56,"column":12},"end":{"line":62,"column":13}}],"line":56},"4":{"loc":{"start":{"line":70,"column":12},"end":{"line":76,"column":13}},"type":"if","locations":[{"start":{"line":70,"column":12},"end":{"line":76,"column":13}},{"start":{"line":70,"column":12},"end":{"line":76,"column":13}}],"line":70},"5":{"loc":{"start":{"line":86,"column":12},"end":{"line":92,"column":13}},"type":"if","locations":[{"start":{"line":86,"column":12},"end":{"line":92,"column":13}},{"start":{"line":86,"column":12},"end":{"line":92,"column":13}}],"line":86},"6":{"loc":{"start":{"line":101,"column":12},"end":{"line":107,"column":13}},"type":"if","locations":[{"start":{"line":101,"column":12},"end":{"line":107,"column":13}},{"start":{"line":101,"column":12},"end":{"line":107,"column":13}}],"line":101}},"s":{"0":3,"1":3,"2":3,"3":3,"4":3,"5":3,"6":3,"7":0,"8":0,"9":3,"10":3,"11":1,"12":1,"13":1,"14":1,"15":0,"16":0,"17":1,"18":1,"19":1,"20":1,"21":1,"22":0,"23":0,"24":1,"25":1,"26":0,"27":0,"28":0,"29":0,"30":0,"31":0,"32":0,"33":0,"34":0,"35":0,"36":0,"37":0,"38":0,"39":0,"40":0,"41":0,"42":0,"43":0,"44":0,"45":0,"46":0,"47":0,"48":0,"49":0,"50":0,"51":0,"52":0,"53":0,"54":0,"55":0,"56":3},"f":{"0":3,"1":3,"2":1,"3":1,"4":1,"5":1,"6":0,"7":0,"8":0,"9":0,"10":0,"11":0,"12":0,"13":0},"b":{"0":[0,3],"1":[0,1],"2":[0,1],"3":[0,0],"4":[0,0],"5":[0,0],"6":[0,0]},"_coverageSchema":"1a1c01bbd47fc00a2c39e90264f33305004495a9","hash":"2c40be3553641ab19cc9284f1e2e2b6938d3b424"}
,"/Users/jackgoettle/Code/project-microblogging-and-streaming-social-network-whiteboarders/server/routes/users.js": {"path":"/Users/jackgoettle/Code/project-microblogging-and-streaming-social-network-whiteboarders/server/routes/users.js","statementMap":{"0":{"start":{"line":1,"column":30},"end":{"line":1,"column":66}},"1":{"start":{"line":2,"column":38},"end":{"line":2,"column":79}},"2":{"start":{"line":5,"column":21},"end":{"line":5,"column":40}},"3":{"start":{"line":6,"column":4},"end":{"line":6,"column":44}},"4":{"start":{"line":7,"column":4},"end":{"line":16,"column":10}},"5":{"start":{"line":9,"column":12},"end":{"line":15,"column":13}},"6":{"start":{"line":10,"column":32},"end":{"line":10,"column":65}},"7":{"start":{"line":11,"column":16},"end":{"line":11,"column":45}},"8":{"start":{"line":13,"column":32},"end":{"line":13,"column":59}},"9":{"start":{"line":14,"column":16},"end":{"line":14,"column":45}},"10":{"start":{"line":20,"column":21},"end":{"line":20,"column":38}},"11":{"start":{"line":21,"column":20},"end":{"line":21,"column":43}},"12":{"start":{"line":22,"column":4},"end":{"line":32,"column":10}},"13":{"start":{"line":24,"column":12},"end":{"line":24,"column":33}},"14":{"start":{"line":25,"column":12},"end":{"line":31,"column":13}},"15":{"start":{"line":26,"column":32},"end":{"line":26,"column":65}},"16":{"start":{"line":27,"column":16},"end":{"line":27,"column":45}},"17":{"start":{"line":29,"column":32},"end":{"line":29,"column":59}},"18":{"start":{"line":30,"column":16},"end":{"line":30,"column":45}},"19":{"start":{"line":35,"column":0},"end":{"line":38,"column":1}}},"fnMap":{"0":{"name":"getAccount","decl":{"start":{"line":4,"column":9},"end":{"line":4,"column":19}},"loc":{"start":{"line":4,"column":30},"end":{"line":17,"column":1}},"line":4},"1":{"name":"(anonymous_1)","decl":{"start":{"line":8,"column":14},"end":{"line":8,"column":15}},"loc":{"start":{"line":8,"column":26},"end":{"line":16,"column":9}},"line":8},"2":{"name":"followToggle","decl":{"start":{"line":19,"column":9},"end":{"line":19,"column":21}},"loc":{"start":{"line":19,"column":32},"end":{"line":33,"column":1}},"line":19},"3":{"name":"(anonymous_3)","decl":{"start":{"line":23,"column":14},"end":{"line":23,"column":15}},"loc":{"start":{"line":23,"column":26},"end":{"line":32,"column":9}},"line":23}},"branchMap":{"0":{"loc":{"start":{"line":9,"column":12},"end":{"line":15,"column":13}},"type":"if","locations":[{"start":{"line":9,"column":12},"end":{"line":15,"column":13}},{"start":{"line":9,"column":12},"end":{"line":15,"column":13}}],"line":9},"1":{"loc":{"start":{"line":25,"column":12},"end":{"line":31,"column":13}},"type":"if","locations":[{"start":{"line":25,"column":12},"end":{"line":31,"column":13}},{"start":{"line":25,"column":12},"end":{"line":31,"column":13}}],"line":25}},"s":{"0":3,"1":3,"2":5,"3":5,"4":5,"5":5,"6":1,"7":1,"8":4,"9":4,"10":2,"11":2,"12":2,"13":2,"14":2,"15":0,"16":0,"17":2,"18":2,"19":3},"f":{"0":5,"1":5,"2":2,"3":2},"b":{"0":[1,4],"1":[0,2]},"_coverageSchema":"1a1c01bbd47fc00a2c39e90264f33305004495a9","hash":"e42d447fcd32864ede8ad667b3ef712caad16b46"}
}
