TN:
SF:app.js
FNF:0
FNH:0
DA:1,3
DA:2,3
DA:3,3
DA:4,3
DA:5,3
DA:6,3
DA:7,3
DA:8,3
DA:9,3
DA:11,3
DA:13,3
DA:14,3
DA:15,3
DA:18,3
DA:20,3
DA:22,3
DA:24,3
DA:28,3
DA:30,3
DA:34,3
DA:36,3
DA:38,3
DA:40,3
DA:42,3
DA:44,3
DA:46,3
DA:50,3
DA:52,3
DA:54,3
DA:56,3
DA:58,3
DA:60,3
DA:62,3
LF:33
LH:33
BRF:0
BRH:0
end_of_record
TN:
SF:chat/config.js
FNF:0
FNH:0
DA:1,3
LF:1
LH:1
BRF:0
BRH:0
end_of_record
TN:
SF:chat/tokens.js
FN:5,(anonymous_0)
FN:13,(anonymous_1)
FN:23,(anonymous_2)
FN:36,(anonymous_3)
FNF:4
FNH:0
FNDA:0,(anonymous_0)
FNDA:0,(anonymous_1)
FNDA:0,(anonymous_2)
FNDA:0,(anonymous_3)
DA:1,3
DA:2,3
DA:3,3
DA:5,3
DA:6,0
DA:13,3
DA:14,0
DA:17,0
DA:18,0
DA:19,0
DA:20,0
DA:23,3
DA:25,0
DA:26,0
DA:28,0
DA:30,0
DA:31,0
DA:32,0
DA:33,0
DA:36,3
DA:38,0
DA:39,0
DA:44,0
DA:48,0
DA:49,0
DA:50,0
DA:51,0
DA:54,3
LF:28
LH:8
BRDA:25,0,0,0
BRDA:25,0,1,0
BRDA:38,1,0,0
BRDA:38,1,1,0
BRF:4
BRH:0
end_of_record
TN:
SF:data_layer/MongoAccessor.js
FN:4,(anonymous_0)
FN:8,(anonymous_1)
FN:11,(anonymous_2)
FNF:3
FNH:2
FNDA:3,(anonymous_0)
FNDA:3,(anonymous_1)
FNDA:0,(anonymous_2)
DA:1,3
DA:5,3
DA:6,3
DA:7,3
DA:9,3
DA:12,0
DA:17,3
LF:7
LH:6
BRF:0
BRH:0
end_of_record
TN:
SF:data_layer/PostMethods.js
FN:4,modelResponse
FN:11,newPost
FN:28,deletePost
FN:47,getPost
FN:59,likePost
FN:69,unlikePost
FN:80,addComment
FN:91,deleteComment
FNF:8
FNH:4
FNDA:5,modelResponse
FNDA:3,newPost
FNDA:1,deletePost
FNDA:1,getPost
FNDA:0,likePost
FNDA:0,unlikePost
FNDA:0,addComment
FNDA:0,deleteComment
DA:1,3
DA:2,3
DA:5,5
DA:12,3
DA:13,3
DA:15,3
DA:16,3
DA:18,3
DA:19,3
DA:20,3
DA:21,3
DA:22,3
DA:24,0
DA:29,1
DA:30,1
DA:31,1
DA:32,1
DA:33,0
DA:35,1
DA:36,1
DA:37,1
DA:39,1
DA:40,1
DA:41,1
DA:43,0
DA:48,1
DA:49,1
DA:50,1
DA:51,0
DA:53,1
DA:55,0
DA:60,0
DA:63,0
DA:64,0
DA:66,0
DA:70,0
DA:71,0
DA:74,0
DA:75,0
DA:77,0
DA:81,0
DA:82,0
DA:85,0
DA:86,0
DA:88,0
DA:92,0
DA:93,0
DA:96,0
DA:97,0
DA:99,0
DA:102,3
LF:51
LH:27
BRDA:32,0,0,0
BRDA:32,0,1,1
BRDA:36,1,0,1
BRDA:36,1,1,0
BRDA:50,2,0,0
BRDA:50,2,1,1
BRF:6
BRH:3
end_of_record
TN:
SF:data_layer/UserMethods.js
FN:4,modelResponse
FN:11,createUser
FN:26,encrypt
FN:30,loginUser
FN:47,getUser
FN:59,deleteUser
FN:73,followUser
FN:100,getUserPosts
FN:111,getFollowingPosts
FNF:9
FNH:7
FNDA:17,modelResponse
FNDA:5,createUser
FNDA:5,encrypt
FNDA:3,loginUser
FNDA:5,getUser
FNDA:2,deleteUser
FNDA:2,followUser
FNDA:0,getUserPosts
FNDA:0,getFollowingPosts
DA:1,3
DA:2,3
DA:5,17
DA:12,5
DA:13,5
DA:14,5
DA:15,5
DA:16,5
DA:17,4
DA:18,4
DA:19,4
DA:21,1
DA:22,1
DA:27,5
DA:31,3
DA:32,3
DA:33,3
DA:34,1
DA:36,2
DA:37,2
DA:38,1
DA:40,1
DA:43,0
DA:48,5
DA:49,5
DA:50,5
DA:51,1
DA:53,4
DA:55,0
DA:60,2
DA:62,2
DA:63,2
DA:64,1
DA:66,1
DA:67,1
DA:69,0
DA:74,2
DA:75,2
DA:76,2
DA:77,2
DA:79,2
DA:80,1
DA:81,1
DA:82,1
DA:83,1
DA:88,1
DA:89,1
DA:91,2
DA:92,2
DA:94,0
DA:95,0
DA:97,0
DA:101,0
DA:102,0
DA:105,0
DA:106,0
DA:108,0
DA:112,0
DA:113,0
DA:116,0
DA:117,0
DA:119,0
DA:122,3
LF:63
LH:47
BRDA:33,0,0,1
BRDA:33,0,1,2
BRDA:37,1,0,1
BRDA:37,1,1,1
BRDA:50,2,0,1
BRDA:50,2,1,4
BRDA:63,3,0,1
BRDA:63,3,1,1
BRDA:79,4,0,1
BRDA:79,4,1,1
BRDA:82,5,0,1
BRDA:82,5,1,0
BRF:12
BRH:11
end_of_record
TN:
SF:data_model/Post.js
FNF:0
FNH:0
DA:1,3
DA:4,3
DA:13,3
DA:15,3
LF:4
LH:4
BRF:0
BRH:0
end_of_record
TN:
SF:data_model/StandardResponse.js
FN:1,responseOkay
FN:9,responseError
FNF:2
FNH:2
FNDA:17,responseOkay
FNDA:5,responseError
DA:2,17
DA:10,5
DA:16,3
LF:3
LH:3
BRF:0
BRH:0
end_of_record
TN:
SF:data_model/User.js
FNF:0
FNH:0
DA:1,3
DA:4,3
DA:21,3
DA:23,3
LF:4
LH:4
BRF:0
BRH:0
end_of_record
TN:
SF:routes/auth.js
FN:5,testAPI
FN:10,verifyLogin
FN:15,(anonymous_2)
FN:28,verifyRegister
FN:32,(anonymous_4)
FN:44,deleteAccount
FN:48,(anonymous_6)
FN:59,signJWT
FNF:8
FNH:8
FNDA:1,testAPI
FNDA:3,verifyLogin
FNDA:3,(anonymous_2)
FNDA:5,verifyRegister
FNDA:5,(anonymous_4)
FNDA:2,deleteAccount
FNDA:2,(anonymous_6)
FNDA:5,signJWT
DA:1,3
DA:2,3
DA:3,3
DA:6,1
DA:7,1
DA:11,3
DA:12,3
DA:13,3
DA:14,3
DA:16,3
DA:17,2
DA:18,2
DA:20,1
DA:21,1
DA:22,1
DA:23,1
DA:29,5
DA:30,5
DA:31,5
DA:33,5
DA:34,1
DA:35,1
DA:37,4
DA:38,4
DA:39,4
DA:45,2
DA:46,2
DA:47,2
DA:49,2
DA:50,1
DA:51,1
DA:53,1
DA:54,1
DA:60,5
DA:76,3
LF:35
LH:35
BRDA:16,0,0,2
BRDA:16,0,1,1
BRDA:33,1,0,1
BRDA:33,1,1,4
BRDA:49,2,0,1
BRDA:49,2,1,1
BRF:6
BRH:6
end_of_record
TN:
SF:routes/chat.js
FN:5,(anonymous_0)
FN:14,getToken
FN:20,postToken
FN:26,getVideoToken
FN:33,postVideoToken
FN:41,getVoiceToken
FN:47,postVoiceToken
FNF:7
FNH:0
FNDA:0,(anonymous_0)
FNDA:0,getToken
FNDA:0,postToken
FNDA:0,getVideoToken
FNDA:0,postVideoToken
FNDA:0,getVoiceToken
FNDA:0,postVoiceToken
DA:1,3
DA:2,3
DA:3,3
DA:5,3
DA:6,0
DA:7,0
DA:15,0
DA:16,0
DA:17,0
DA:21,0
DA:22,0
DA:23,0
DA:27,0
DA:28,0
DA:29,0
DA:30,0
DA:34,0
DA:35,0
DA:36,0
DA:37,0
DA:38,0
DA:42,0
DA:43,0
DA:44,0
DA:48,0
DA:49,0
DA:50,0
DA:53,3
LF:28
LH:5
BRF:0
BRH:0
end_of_record
TN:
SF:routes/posts.js
FN:6,newPost
FN:9,(anonymous_1)
FN:20,deletePost
FN:24,(anonymous_3)
FN:36,getPost
FN:39,(anonymous_5)
FN:51,addComment
FN:55,(anonymous_7)
FN:66,deleteComment
FN:69,(anonymous_9)
FN:81,likePost
FN:85,(anonymous_11)
FN:97,unlikePost
FN:100,(anonymous_13)
FNF:14
FNH:6
FNDA:3,newPost
FNDA:3,(anonymous_1)
FNDA:1,deletePost
FNDA:1,(anonymous_3)
FNDA:1,getPost
FNDA:1,(anonymous_5)
FNDA:0,addComment
FNDA:0,(anonymous_7)
FNDA:0,deleteComment
FNDA:0,(anonymous_9)
FNDA:0,likePost
FNDA:0,(anonymous_11)
FNDA:0,unlikePost
FNDA:0,(anonymous_13)
DA:1,3
DA:2,3
DA:3,3
DA:4,3
DA:7,3
DA:8,3
DA:10,3
DA:11,0
DA:12,0
DA:14,3
DA:15,3
DA:21,1
DA:22,1
DA:23,1
DA:25,1
DA:26,0
DA:27,0
DA:29,1
DA:30,1
DA:37,1
DA:38,1
DA:40,1
DA:41,0
DA:42,0
DA:44,1
DA:45,1
DA:52,0
DA:53,0
DA:54,0
DA:56,0
DA:57,0
DA:58,0
DA:60,0
DA:61,0
DA:67,0
DA:68,0
DA:70,0
DA:71,0
DA:72,0
DA:74,0
DA:75,0
DA:82,0
DA:83,0
DA:84,0
DA:86,0
DA:87,0
DA:88,0
DA:90,0
DA:91,0
DA:98,0
DA:99,0
DA:101,0
DA:102,0
DA:103,0
DA:105,0
DA:106,0
DA:112,3
LF:57
LH:21
BRDA:10,0,0,0
BRDA:10,0,1,3
BRDA:25,1,0,0
BRDA:25,1,1,1
BRDA:40,2,0,0
BRDA:40,2,1,1
BRDA:56,3,0,0
BRDA:56,3,1,0
BRDA:70,4,0,0
BRDA:70,4,1,0
BRDA:86,5,0,0
BRDA:86,5,1,0
BRDA:101,6,0,0
BRDA:101,6,1,0
BRF:14
BRH:3
end_of_record
TN:
SF:routes/users.js
FN:4,getAccount
FN:8,(anonymous_1)
FN:19,followToggle
FN:23,(anonymous_3)
FNF:4
FNH:4
FNDA:5,getAccount
FNDA:5,(anonymous_1)
FNDA:2,followToggle
FNDA:2,(anonymous_3)
DA:1,3
DA:2,3
DA:5,5
DA:6,5
DA:7,5
DA:9,5
DA:10,1
DA:11,1
DA:13,4
DA:14,4
DA:20,2
DA:21,2
DA:22,2
DA:24,2
DA:25,2
DA:26,0
DA:27,0
DA:29,2
DA:30,2
DA:35,3
LF:20
LH:18
BRDA:9,0,0,1
BRDA:9,0,1,4
BRDA:25,1,0,0
BRDA:25,1,1,2
BRF:4
BRH:3
end_of_record
